[debug] [2022-11-06T00:11:09.140Z] ----------------------------------------------------------------------
[debug] [2022-11-06T00:11:09.142Z] Command:       C:\Program Files\nodejs\node.exe C:\Users\adria\AppData\Roaming\npm\node_modules\firebase-tools\lib\bin\firebase.js init
[debug] [2022-11-06T00:11:09.142Z] CLI Version:   11.16.0
[debug] [2022-11-06T00:11:09.143Z] Platform:      win32
[debug] [2022-11-06T00:11:09.143Z] Node Version:  v18.12.1
[debug] [2022-11-06T00:11:09.143Z] Time:          Sat Nov 05 2022 17:11:09 GMT-0700 (Pacific Daylight Time)
[debug] [2022-11-06T00:11:09.144Z] ----------------------------------------------------------------------
[debug] 
[debug] [2022-11-06T00:11:09.150Z] > command requires scopes: ["email","openid","https://www.googleapis.com/auth/cloudplatformprojects.readonly","https://www.googleapis.com/auth/firebase","https://www.googleapis.com/auth/cloud-platform"]
[debug] [2022-11-06T00:11:09.151Z] > authorizing via signed-in user (adrianrsmith93@gmail.com)
[info] 
     ######## #### ########  ######## ########     ###     ######  ########
     ##        ##  ##     ## ##       ##     ##  ##   ##  ##       ##
     ######    ##  ########  ######   ########  #########  ######  ######
     ##        ##  ##    ##  ##       ##     ## ##     ##       ## ##
     ##       #### ##     ## ######## ########  ##     ##  ######  ########

You're about to initialize a Firebase project in this directory:

  C:\git\mouthsounds

Before we get started, keep in mind:

  * You are currently outside your home directory

[info] 
=== Project Setup
[info] 
[info] First, let's associate this project directory with a Firebase project.
[info] You can create multiple project aliases by running firebase use --add, 
[info] but for now we'll just set up a default project.
[info] 
[debug] [2022-11-06T00:11:19.765Z] >>> [apiv2][query] GET https://firebase.googleapis.com/v1beta1/projects pageSize=100
[debug] [2022-11-06T00:11:20.305Z] <<< [apiv2][status] GET https://firebase.googleapis.com/v1beta1/projects 200
[debug] [2022-11-06T00:11:20.305Z] <<< [apiv2][body] GET https://firebase.googleapis.com/v1beta1/projects [omitted]
[info] i  Using project mouthsounds-moe (mouthsounds-moe) 
[info] 
=== Firestore Setup
[debug] [2022-11-06T00:11:22.059Z] >>> [apiv2][query] GET https://serviceusage.googleapis.com/v1/projects/mouthsounds-moe/services/firestore.googleapis.com [none]
[debug] [2022-11-06T00:11:22.059Z] >>> [apiv2][(partial)header] GET https://serviceusage.googleapis.com/v1/projects/mouthsounds-moe/services/firestore.googleapis.com x-goog-quota-user=projects/mouthsounds-moe
[debug] [2022-11-06T00:11:22.494Z] <<< [apiv2][status] GET https://serviceusage.googleapis.com/v1/projects/mouthsounds-moe/services/firestore.googleapis.com 200
[debug] [2022-11-06T00:11:22.494Z] <<< [apiv2][body] GET https://serviceusage.googleapis.com/v1/projects/mouthsounds-moe/services/firestore.googleapis.com [omitted]
[debug] [2022-11-06T00:11:22.494Z] >>> [apiv2][query] GET https://appengine.googleapis.com/v1/apps/mouthsounds-moe [none]
[debug] [2022-11-06T00:11:22.839Z] <<< [apiv2][status] GET https://appengine.googleapis.com/v1/apps/mouthsounds-moe 200
[debug] [2022-11-06T00:11:22.839Z] <<< [apiv2][body] GET https://appengine.googleapis.com/v1/apps/mouthsounds-moe {"name":"apps/mouthsounds-moe","id":"mouthsounds-moe","authDomain":"gmail.com","locationId":"us-central","codeBucket":"staging.mouthsounds-moe.appspot.com","servingStatus":"SERVING","defaultHostname":"mouthsounds-moe.uc.r.appspot.com","defaultBucket":"mouthsounds-moe.appspot.com","serviceAccount":"mouthsounds-moe@appspot.gserviceaccount.com","gcrDomain":"us.gcr.io","databaseType":"CLOUD_FIRESTORE","featureSettings":{"splitHealthChecks":true,"useContainerOptimizedOs":true}}
[debug] [2022-11-06T00:11:22.839Z] database_type: CLOUD_FIRESTORE
[debug] [2022-11-06T00:11:22.839Z] > command requires scopes: ["email","openid","https://www.googleapis.com/auth/cloudplatformprojects.readonly","https://www.googleapis.com/auth/firebase","https://www.googleapis.com/auth/cloud-platform"]
[debug] [2022-11-06T00:11:22.840Z] > authorizing via signed-in user (adrianrsmith93@gmail.com)
[debug] [2022-11-06T00:11:22.840Z] [iam] checking project mouthsounds-moe for permissions ["firebase.projects.get"]
[debug] [2022-11-06T00:11:22.840Z] >>> [apiv2][query] POST https://cloudresourcemanager.googleapis.com/v1/projects/mouthsounds-moe:testIamPermissions [none]
[debug] [2022-11-06T00:11:22.840Z] >>> [apiv2][(partial)header] POST https://cloudresourcemanager.googleapis.com/v1/projects/mouthsounds-moe:testIamPermissions x-goog-quota-user=projects/mouthsounds-moe
[debug] [2022-11-06T00:11:22.840Z] >>> [apiv2][body] POST https://cloudresourcemanager.googleapis.com/v1/projects/mouthsounds-moe:testIamPermissions {"permissions":["firebase.projects.get"]}
[debug] [2022-11-06T00:11:23.010Z] <<< [apiv2][status] POST https://cloudresourcemanager.googleapis.com/v1/projects/mouthsounds-moe:testIamPermissions 200
[debug] [2022-11-06T00:11:23.010Z] <<< [apiv2][body] POST https://cloudresourcemanager.googleapis.com/v1/projects/mouthsounds-moe:testIamPermissions {"permissions":["firebase.projects.get"]}
[info] 
[info] Firestore Security Rules allow you to define how and when to allow
[info] requests. You can keep these rules in your project directory
[info] and publish them with firebase deploy.
[info] 
[debug] [2022-11-06T00:11:25.532Z] >>> [apiv2][query] GET https://firebaserules.googleapis.com/v1/projects/mouthsounds-moe/releases pageSize=10&pageToken=
[debug] [2022-11-06T00:11:25.936Z] <<< [apiv2][status] GET https://firebaserules.googleapis.com/v1/projects/mouthsounds-moe/releases 200
[debug] [2022-11-06T00:11:25.936Z] <<< [apiv2][body] GET https://firebaserules.googleapis.com/v1/projects/mouthsounds-moe/releases {"releases":[{"name":"projects/mouthsounds-moe/releases/cloud.firestore","rulesetName":"projects/mouthsounds-moe/rulesets/aeb8e59b-332b-419e-9c18-f7bb48df11f9","createTime":"2022-11-06T00:11:10.021850Z","updateTime":"2022-11-06T00:11:10.021850Z"}]}
[debug] [2022-11-06T00:11:25.936Z] Found ruleset: projects/mouthsounds-moe/rulesets/aeb8e59b-332b-419e-9c18-f7bb48df11f9
[debug] [2022-11-06T00:11:25.937Z] >>> [apiv2][query] GET https://firebaserules.googleapis.com/v1/projects/mouthsounds-moe/rulesets/aeb8e59b-332b-419e-9c18-f7bb48df11f9 [none]
[debug] [2022-11-06T00:11:26.142Z] <<< [apiv2][status] GET https://firebaserules.googleapis.com/v1/projects/mouthsounds-moe/rulesets/aeb8e59b-332b-419e-9c18-f7bb48df11f9 200
[debug] [2022-11-06T00:11:26.142Z] <<< [apiv2][body] GET https://firebaserules.googleapis.com/v1/projects/mouthsounds-moe/rulesets/aeb8e59b-332b-419e-9c18-f7bb48df11f9 [omitted]
[info] 
[info] Firestore indexes allow you to perform complex queries while
[info] maintaining performance that scales with the size of the result
[info] set. You can keep index definitions in your project directory
[info] and publish them with firebase deploy.
[info] 
[debug] [2022-11-06T00:11:28.359Z] >>> [apiv2][query] GET https://firestore.googleapis.com/v1/projects/mouthsounds-moe/databases/(default)/collectionGroups/-/indexes [none]
[debug] [2022-11-06T00:11:28.360Z] >>> [apiv2][query] GET https://firestore.googleapis.com/v1/projects/mouthsounds-moe/databases/(default)/collectionGroups/-/fields?filter=indexConfig.usesAncestorConfig=false [none]
[debug] [2022-11-06T00:11:28.833Z] <<< [apiv2][status] GET https://firestore.googleapis.com/v1/projects/mouthsounds-moe/databases/(default)/collectionGroups/-/indexes 200
[debug] [2022-11-06T00:11:28.833Z] <<< [apiv2][body] GET https://firestore.googleapis.com/v1/projects/mouthsounds-moe/databases/(default)/collectionGroups/-/indexes {}
[debug] [2022-11-06T00:11:29.659Z] <<< [apiv2][status] GET https://firestore.googleapis.com/v1/projects/mouthsounds-moe/databases/(default)/collectionGroups/-/fields?filter=indexConfig.usesAncestorConfig=false 200
[debug] [2022-11-06T00:11:29.659Z] <<< [apiv2][body] GET https://firestore.googleapis.com/v1/projects/mouthsounds-moe/databases/(default)/collectionGroups/-/fields?filter=indexConfig.usesAncestorConfig=false {"fields":[{"name":"projects/mouthsounds-moe/databases/(default)/collectionGroups/__default__/fields/*","indexConfig":{"indexes":[{"queryScope":"COLLECTION","fields":[{"fieldPath":"*","order":"ASCENDING"}],"state":"READY"},{"queryScope":"COLLECTION","fields":[{"fieldPath":"*","order":"DESCENDING"}],"state":"READY"},{"queryScope":"COLLECTION","fields":[{"fieldPath":"*","arrayConfig":"CONTAINS"}],"state":"READY"}]}}]}
[info] 
=== Hosting Setup
[info] 
[info] Your public directory is the folder (relative to your project directory) that
[info] will contain Hosting assets to be uploaded with firebase deploy. If you
[info] have a build process for your assets, use your build's output directory.
[info] 
[info] +  Wrote public/404.html 
[debug] [2022-11-06T00:11:50.887Z] >>> [apiv2][query] GET https://www.gstatic.com/firebasejs/releases.json [none]
[debug] [2022-11-06T00:11:51.133Z] <<< [apiv2][status] GET https://www.gstatic.com/firebasejs/releases.json 200
[debug] [2022-11-06T00:11:51.133Z] <<< [apiv2][body] GET https://www.gstatic.com/firebasejs/releases.json {"current":{"version":"9.13.0","browserURL":"https://www.gstatic.com/firebasejs/9.13.0/firebase.js","packageURL":"https://www.gstatic.com/firebasejs/9.13.0/firebase.tgz"},"live":{"version":"9.13","browserURL":"https://www.gstatic.com/firebasejs/live/9.13/firebase.js","packageURL":"https://www.gstatic.com/firebasejs/live/9.13/firebase.tgz"},"components":{"analytics":"https://www.gstatic.com/firebasejs/9.13.0/firebase-analytics.js","app":"https://www.gstatic.com/firebasejs/9.13.0/firebase-app.js","app-check":"https://www.gstatic.com/firebasejs/9.13.0/firebase-app-check.js","auth":"https://www.gstatic.com/firebasejs/9.13.0/firebase-auth.js","auth/cordova":"https://www.gstatic.com/firebasejs/9.13.0/firebase-auth/cordova.js","auth/react-native":"https://www.gstatic.com/firebasejs/9.13.0/firebase-auth/react-native.js","functions":"https://www.gstatic.com/firebasejs/9.13.0/firebase-functions.js","firestore":"https://www.gstatic.com/firebasejs/9.13.0/firebase-firestore.js","firestore/lite":"https://www.gstatic.com/firebasejs/9.13.0/firebase-firestore/lite.js","installations":"https://www.gstatic.com/firebasejs/9.13.0/firebase-installations.js","storage":"https://www.gstatic.com/firebasejs/9.13.0/firebase-storage.js","performance":"https://www.gstatic.com/firebasejs/9.13.0/firebase-performance.js","remote-config":"https://www.gstatic.com/firebasejs/9.13.0/firebase-remote-config.js","messaging":"https://www.gstatic.com/firebasejs/9.13.0/firebase-messaging.js","messaging/sw":"https://www.gstatic.com/firebasejs/9.13.0/firebase-messaging/sw.js","database":"https://www.gstatic.com/firebasejs/9.13.0/firebase-database.js","firestore.memory":"https://www.gstatic.com/firebasejs/9.13.0/firebase-firestore.memory.js"}}
[info] +  Wrote public/index.html 
[info] 
[info] i  Didn't detect a .git folder. Assuming C:\git\mouthsounds is the project root. 
[info] i  Authorizing with GitHub to upload your service account to a GitHub repository's secrets store. 
[info] 
[info] Visit this URL on this device to log in:
[info] https://github.com/login/oauth/authorize?client_id=89cf50f02ac6aaed3484&state=88500122&redirect_uri=http%3A%2F%2Flocalhost%3A9005&scope=read%3Auser%20repo%20public_repo
[info] 
[info] Waiting for authentication...
[debug] [2022-11-06T00:11:51.812Z] >>> [apiv2][query] POST https://github.com/login/oauth/access_token [none]
[debug] [2022-11-06T00:11:51.812Z] >>> [apiv2][body] POST https://github.com/login/oauth/access_token [stream]
[debug] [2022-11-06T00:11:52.139Z] <<< [apiv2][status] POST https://github.com/login/oauth/access_token 200
[debug] [2022-11-06T00:11:52.139Z] <<< [apiv2][body] POST https://github.com/login/oauth/access_token {"access_token":"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","token_type":"bearer","scope":"read:user,repo"}
[debug] [2022-11-06T00:11:52.144Z] >>> [apiv2][query] GET https://api.github.com/user [none]
[debug] [2022-11-06T00:11:52.459Z] <<< [apiv2][status] GET https://api.github.com/user 200
[debug] [2022-11-06T00:11:52.459Z] <<< [apiv2][body] GET https://api.github.com/user {"login":"VivaLaPanda","id":6300466,"node_id":"MDQ6VXNlcjYzMDA0NjY=","avatar_url":"https://avatars.githubusercontent.com/u/6300466?v=4","gravatar_id":"","url":"https://api.github.com/users/VivaLaPanda","html_url":"https://github.com/VivaLaPanda","followers_url":"https://api.github.com/users/VivaLaPanda/followers","following_url":"https://api.github.com/users/VivaLaPanda/following{/other_user}","gists_url":"https://api.github.com/users/VivaLaPanda/gists{/gist_id}","starred_url":"https://api.github.com/users/VivaLaPanda/starred{/owner}{/repo}","subscriptions_url":"https://api.github.com/users/VivaLaPanda/subscriptions","organizations_url":"https://api.github.com/users/VivaLaPanda/orgs","repos_url":"https://api.github.com/users/VivaLaPanda/repos","events_url":"https://api.github.com/users/VivaLaPanda/events{/privacy}","received_events_url":"https://api.github.com/users/VivaLaPanda/received_events","type":"User","site_admin":false,"name":"VivaLaPanda","company":null,"blog":"https://VivaLaPanda.moe","location":"United States","email":"adrian@smithdev.io","hireable":true,"bio":"I'm a developer. I like learning new things, and Go is my favorite language as of the moment. I like web development, I don't like C++.","twitter_username":"VivaLaPanda_","public_repos":77,"public_gists":3,"followers":19,"following":21,"created_at":"2014-01-02T04:02:58Z","updated_at":"2022-10-27T19:19:36Z","private_gists":4,"total_private_repos":1,"owned_private_repos":1,"disk_usage":1166412,"collaborators":0,"two_factor_authentication":false,"plan":{"name":"free","space":976562499,"collaborators":0,"private_repos":10000}}
[info] 
[info] +  Success! Logged into GitHub as VivaLaPanda 
[info] 
[debug] [2022-11-06T00:11:58.926Z] >>> [apiv2][query] GET https://api.github.com/repos//actions/secrets/public-key type=owner
[debug] [2022-11-06T00:11:59.157Z] <<< [apiv2][status] GET https://api.github.com/repos//actions/secrets/public-key 404
[debug] [2022-11-06T00:11:59.157Z] <<< [apiv2][body] GET https://api.github.com/repos//actions/secrets/public-key {"message":"Not Found","documentation_url":"https://docs.github.com/rest"}
[debug] [2022-11-06T00:12:02.250Z] >>> [apiv2][query] GET https://api.github.com/repos//actions/secrets/public-key type=owner
[debug] [2022-11-06T00:12:02.464Z] <<< [apiv2][status] GET https://api.github.com/repos//actions/secrets/public-key 404
[debug] [2022-11-06T00:12:02.464Z] <<< [apiv2][body] GET https://api.github.com/repos//actions/secrets/public-key {"message":"Not Found","documentation_url":"https://docs.github.com/rest"}
